<?xml version="1.0" encoding="UTF-8"?>
<testng-results ignored="0" total="1" passed="1" failed="0" skipped="0">
  <reporter-output>
  </reporter-output>
  <suite started-at="2021-08-10T02:44:22Z" name="Default suite" finished-at="2021-08-10T02:44:24Z" duration-ms="2035">
    <groups>
    </groups>
    <test started-at="2021-08-10T02:44:22Z" name="Default test" finished-at="2021-08-10T02:44:24Z" duration-ms="2035">
      <class name="com.extractdata.test.Testapp">
        <test-method signature="testOutput()[pri:0, instance:com.extractdata.test.Testapp@3c153a1]" started-at="2021-08-10T02:44:22Z" name="testOutput" finished-at="2021-08-10T02:44:24Z" duration-ms="1998" status="PASS">
          <reporter-output>
          </reporter-output>
        </test-method> <!-- testOutput -->
      </class> <!-- com.extractdata.test.Testapp -->
    </test> <!-- Default test -->
  </suite> <!-- Default suite -->
</testng-results>
